[2021-05-04 22:31:07] local.ERROR: 2021-05-04 22:31:07:
```Uncaught ReflectionException: Class App\Policies\ModelPolicy does not exist in Command line code:1
Stack trace:
#0 Command line code(1): ReflectionClass->__construct('App\\Policies\\Mo...')
#1 [internal function]: {closure}('App\\Policies\\Mo...', 'App\\Model')
#2 Command line code(1): array_map(Object(Closure), Array, Array)
#3 {main}
  thrown```
*File* `Command line code`, *Line:* 1, *Code:* 0
URL= http://127.0.0.1:8000
  
[2021-05-04 22:31:07] local.ERROR: Uncaught ReflectionException: Class App\Policies\ModelPolicy does not exist in Command line code:1
Stack trace:
#0 Command line code(1): ReflectionClass->__construct('App\\Policies\\Mo...')
#1 [internal function]: {closure}('App\\Policies\\Mo...', 'App\\Model')
#2 Command line code(1): array_map(Object(Closure), Array, Array)
#3 {main}
  thrown {"exception":"[object] (Symfony\\Component\\ErrorHandler\\Error\\FatalError(code: 0): Uncaught ReflectionException: Class App\\Policies\\ModelPolicy does not exist in Command line code:1
Stack trace:
#0 Command line code(1): ReflectionClass->__construct('App\\\\Policies\\\\Mo...')
#1 [internal function]: {closure}('App\\\\Policies\\\\Mo...', 'App\\\\Model')
#2 Command line code(1): array_map(Object(Closure), Array, Array)
#3 {main}
  thrown at Command line code:1)
[stacktrace]
#0 {main}
"} 
[2021-05-04 22:32:07] local.ERROR: 2021-05-04 22:32:07:
```Uncaught ReflectionException: Class App\Policies\ModelPolicy does not exist in Command line code:1
Stack trace:
#0 Command line code(1): ReflectionClass->__construct('App\\Policies\\Mo...')
#1 [internal function]: {closure}('App\\Policies\\Mo...', 'App\\Model')
#2 Command line code(1): array_map(Object(Closure), Array, Array)
#3 {main}
  thrown```
*File* `Command line code`, *Line:* 1, *Code:* 0
URL= http://127.0.0.1:8000
  
[2021-05-04 22:32:07] local.ERROR: Uncaught ReflectionException: Class App\Policies\ModelPolicy does not exist in Command line code:1
Stack trace:
#0 Command line code(1): ReflectionClass->__construct('App\\Policies\\Mo...')
#1 [internal function]: {closure}('App\\Policies\\Mo...', 'App\\Model')
#2 Command line code(1): array_map(Object(Closure), Array, Array)
#3 {main}
  thrown {"exception":"[object] (Symfony\\Component\\ErrorHandler\\Error\\FatalError(code: 0): Uncaught ReflectionException: Class App\\Policies\\ModelPolicy does not exist in Command line code:1
Stack trace:
#0 Command line code(1): ReflectionClass->__construct('App\\\\Policies\\\\Mo...')
#1 [internal function]: {closure}('App\\\\Policies\\\\Mo...', 'App\\\\Model')
#2 Command line code(1): array_map(Object(Closure), Array, Array)
#3 {main}
  thrown at Command line code:1)
[stacktrace]
#0 {main}
"} 
[2021-05-04 22:33:06] local.ERROR: 2021-05-04 22:33:06:
```Uncaught ReflectionException: Class App\Policies\ModelPolicy does not exist in Command line code:1
Stack trace:
#0 Command line code(1): ReflectionClass->__construct('App\\Policies\\Mo...')
#1 [internal function]: {closure}('App\\Policies\\Mo...', 'App\\Model')
#2 Command line code(1): array_map(Object(Closure), Array, Array)
#3 {main}
  thrown```
*File* `Command line code`, *Line:* 1, *Code:* 0
URL= http://127.0.0.1:8000
  
[2021-05-04 22:33:06] local.ERROR: Uncaught ReflectionException: Class App\Policies\ModelPolicy does not exist in Command line code:1
Stack trace:
#0 Command line code(1): ReflectionClass->__construct('App\\Policies\\Mo...')
#1 [internal function]: {closure}('App\\Policies\\Mo...', 'App\\Model')
#2 Command line code(1): array_map(Object(Closure), Array, Array)
#3 {main}
  thrown {"exception":"[object] (Symfony\\Component\\ErrorHandler\\Error\\FatalError(code: 0): Uncaught ReflectionException: Class App\\Policies\\ModelPolicy does not exist in Command line code:1
Stack trace:
#0 Command line code(1): ReflectionClass->__construct('App\\\\Policies\\\\Mo...')
#1 [internal function]: {closure}('App\\\\Policies\\\\Mo...', 'App\\\\Model')
#2 Command line code(1): array_map(Object(Closure), Array, Array)
#3 {main}
  thrown at Command line code:1)
[stacktrace]
#0 {main}
"} 
[2021-05-04 22:33:31] local.ERROR: 2021-05-04 22:33:31:
```SQLSTATE[42S02]: Base table or view not found: 1146 Table 'minimal-shop.shop_product' doesn't exist (SQL: alter table `shop_product` add `quantity` int null default '0')```
*File* `/Users/thethai/Documents/html/biz/shop/s-cart/vendor/laravel/framework/src/Illuminate/Database/Connection.php`, *Line:* 678, *Code:* 42S02
URL= http://127.0.0.1:8000
  
[2021-05-04 22:33:31] local.ERROR: SQLSTATE[42S02]: Base table or view not found: 1146 Table 'minimal-shop.shop_product' doesn't exist (SQL: alter table `shop_product` add `quantity` int null default '0') {"exception":"[object] (Illuminate\\Database\\QueryException(code: 42S02): SQLSTATE[42S02]: Base table or view not found: 1146 Table 'minimal-shop.shop_product' doesn't exist (SQL: alter table `shop_product` add `quantity` int null default '0') at /Users/thethai/Documents/html/biz/shop/s-cart/vendor/laravel/framework/src/Illuminate/Database/Connection.php:678)
[stacktrace]
#0 /Users/thethai/Documents/html/biz/shop/s-cart/vendor/laravel/framework/src/Illuminate/Database/Connection.php(638): Illuminate\\Database\\Connection->runQueryCallback('alter table `sh...', Array, Object(Closure))
#1 /Users/thethai/Documents/html/biz/shop/s-cart/vendor/laravel/framework/src/Illuminate/Database/Connection.php(472): Illuminate\\Database\\Connection->run('alter table `sh...', Array, Object(Closure))
#2 /Users/thethai/Documents/html/biz/shop/s-cart/vendor/laravel/framework/src/Illuminate/Database/Schema/Blueprint.php(109): Illuminate\\Database\\Connection->statement('alter table `sh...')
#3 /Users/thethai/Documents/html/biz/shop/s-cart/vendor/laravel/framework/src/Illuminate/Database/Schema/Builder.php(359): Illuminate\\Database\\Schema\\Blueprint->build(Object(Illuminate\\Database\\MySqlConnection), Object(Illuminate\\Database\\Schema\\Grammars\\MySqlGrammar))
#4 /Users/thethai/Documents/html/biz/shop/s-cart/vendor/laravel/framework/src/Illuminate/Database/Schema/Builder.php(206): Illuminate\\Database\\Schema\\Builder->build(Object(Illuminate\\Database\\Schema\\Blueprint))
#5 /Users/thethai/Documents/html/biz/shop/s-cart/vendor/laravel/framework/src/Illuminate/Support/Facades/Facade.php(261): Illuminate\\Database\\Schema\\Builder->table('shop_product', Object(Closure))
#6 /Users/thethai/Documents/html/biz/shop/s-cart/database/migrations/2021_05_04_223239_add_quantity_to_shop_product_table.php(19): Illuminate\\Support\\Facades\\Facade::__callStatic('table', Array)
#7 /Users/thethai/Documents/html/biz/shop/s-cart/vendor/laravel/framework/src/Illuminate/Database/Migrations/Migrator.php(393): AddQuantityToShopProductTable->up()
#8 /Users/thethai/Documents/html/biz/shop/s-cart/vendor/laravel/framework/src/Illuminate/Database/Migrations/Migrator.php(402): Illuminate\\Database\\Migrations\\Migrator->Illuminate\\Database\\Migrations\\{closure}()
#9 /Users/thethai/Documents/html/biz/shop/s-cart/vendor/laravel/framework/src/Illuminate/Database/Migrations/Migrator.php(201): Illuminate\\Database\\Migrations\\Migrator->runMigration(Object(AddQuantityToShopProductTable), 'up')
#10 /Users/thethai/Documents/html/biz/shop/s-cart/vendor/laravel/framework/src/Illuminate/Database/Migrations/Migrator.php(166): Illuminate\\Database\\Migrations\\Migrator->runUp('/Users/thethai/...', 3, false)
#11 /Users/thethai/Documents/html/biz/shop/s-cart/vendor/laravel/framework/src/Illuminate/Database/Migrations/Migrator.php(111): Illuminate\\Database\\Migrations\\Migrator->runPending(Array, Array)
#12 /Users/thethai/Documents/html/biz/shop/s-cart/vendor/laravel/framework/src/Illuminate/Database/Console/Migrations/MigrateCommand.php(85): Illuminate\\Database\\Migrations\\Migrator->run(Array, Array)
#13 /Users/thethai/Documents/html/biz/shop/s-cart/vendor/laravel/framework/src/Illuminate/Database/Migrations/Migrator.php(576): Illuminate\\Database\\Console\\Migrations\\MigrateCommand->Illuminate\\Database\\Console\\Migrations\\{closure}()
#14 /Users/thethai/Documents/html/biz/shop/s-cart/vendor/laravel/framework/src/Illuminate/Database/Console/Migrations/MigrateCommand.php(94): Illuminate\\Database\\Migrations\\Migrator->usingConnection(NULL, Object(Closure))
#15 /Users/thethai/Documents/html/biz/shop/s-cart/vendor/laravel/framework/src/Illuminate/Container/BoundMethod.php(36): Illuminate\\Database\\Console\\Migrations\\MigrateCommand->handle()
#16 /Users/thethai/Documents/html/biz/shop/s-cart/vendor/laravel/framework/src/Illuminate/Container/Util.php(40): Illuminate\\Container\\BoundMethod::Illuminate\\Container\\{closure}()
#17 /Users/thethai/Documents/html/biz/shop/s-cart/vendor/laravel/framework/src/Illuminate/Container/BoundMethod.php(93): Illuminate\\Container\\Util::unwrapIfClosure(Object(Closure))
#18 /Users/thethai/Documents/html/biz/shop/s-cart/vendor/laravel/framework/src/Illuminate/Container/BoundMethod.php(37): Illuminate\\Container\\BoundMethod::callBoundMethod(Object(Illuminate\\Foundation\\Application), Array, Object(Closure))
#19 /Users/thethai/Documents/html/biz/shop/s-cart/vendor/laravel/framework/src/Illuminate/Container/Container.php(611): Illuminate\\Container\\BoundMethod::call(Object(Illuminate\\Foundation\\Application), Array, Array, NULL)
#20 /Users/thethai/Documents/html/biz/shop/s-cart/vendor/laravel/framework/src/Illuminate/Console/Command.php(136): Illuminate\\Container\\Container->call(Array)
#21 /Users/thethai/Documents/html/biz/shop/s-cart/vendor/symfony/console/Command/Command.php(256): Illuminate\\Console\\Command->execute(Object(Symfony\\Component\\Console\\Input\\ArgvInput), Object(Illuminate\\Console\\OutputStyle))
#22 /Users/thethai/Documents/html/biz/shop/s-cart/vendor/laravel/framework/src/Illuminate/Console/Command.php(121): Symfony\\Component\\Console\\Command\\Command->run(Object(Symfony\\Component\\Console\\Input\\ArgvInput), Object(Illuminate\\Console\\OutputStyle))
#23 /Users/thethai/Documents/html/biz/shop/s-cart/vendor/symfony/console/Application.php(971): Illuminate\\Console\\Command->run(Object(Symfony\\Component\\Console\\Input\\ArgvInput), Object(Symfony\\Component\\Console\\Output\\ConsoleOutput))
#24 /Users/thethai/Documents/html/biz/shop/s-cart/vendor/symfony/console/Application.php(290): Symfony\\Component\\Console\\Application->doRunCommand(Object(Illuminate\\Database\\Console\\Migrations\\MigrateCommand), Object(Symfony\\Component\\Console\\Input\\ArgvInput), Object(Symfony\\Component\\Console\\Output\\ConsoleOutput))
#25 /Users/thethai/Documents/html/biz/shop/s-cart/vendor/symfony/console/Application.php(166): Symfony\\Component\\Console\\Application->doRun(Object(Symfony\\Component\\Console\\Input\\ArgvInput), Object(Symfony\\Component\\Console\\Output\\ConsoleOutput))
#26 /Users/thethai/Documents/html/biz/shop/s-cart/vendor/laravel/framework/src/Illuminate/Console/Application.php(92): Symfony\\Component\\Console\\Application->run(Object(Symfony\\Component\\Console\\Input\\ArgvInput), Object(Symfony\\Component\\Console\\Output\\ConsoleOutput))
#27 /Users/thethai/Documents/html/biz/shop/s-cart/vendor/laravel/framework/src/Illuminate/Foundation/Console/Kernel.php(129): Illuminate\\Console\\Application->run(Object(Symfony\\Component\\Console\\Input\\ArgvInput), Object(Symfony\\Component\\Console\\Output\\ConsoleOutput))
#28 /Users/thethai/Documents/html/biz/shop/s-cart/artisan(37): Illuminate\\Foundation\\Console\\Kernel->handle(Object(Symfony\\Component\\Console\\Input\\ArgvInput), Object(Symfony\\Component\\Console\\Output\\ConsoleOutput))
#29 {main}

[previous exception] [object] (PDOException(code: 42S02): SQLSTATE[42S02]: Base table or view not found: 1146 Table 'minimal-shop.shop_product' doesn't exist at /Users/thethai/Documents/html/biz/shop/s-cart/vendor/laravel/framework/src/Illuminate/Database/Connection.php:471)
[stacktrace]
#0 /Users/thethai/Documents/html/biz/shop/s-cart/vendor/laravel/framework/src/Illuminate/Database/Connection.php(471): PDOStatement->execute()
#1 /Users/thethai/Documents/html/biz/shop/s-cart/vendor/laravel/framework/src/Illuminate/Database/Connection.php(671): Illuminate\\Database\\Connection->Illuminate\\Database\\{closure}('alter table `sh...', Array)
#2 /Users/thethai/Documents/html/biz/shop/s-cart/vendor/laravel/framework/src/Illuminate/Database/Connection.php(638): Illuminate\\Database\\Connection->runQueryCallback('alter table `sh...', Array, Object(Closure))
#3 /Users/thethai/Documents/html/biz/shop/s-cart/vendor/laravel/framework/src/Illuminate/Database/Connection.php(472): Illuminate\\Database\\Connection->run('alter table `sh...', Array, Object(Closure))
#4 /Users/thethai/Documents/html/biz/shop/s-cart/vendor/laravel/framework/src/Illuminate/Database/Schema/Blueprint.php(109): Illuminate\\Database\\Connection->statement('alter table `sh...')
#5 /Users/thethai/Documents/html/biz/shop/s-cart/vendor/laravel/framework/src/Illuminate/Database/Schema/Builder.php(359): Illuminate\\Database\\Schema\\Blueprint->build(Object(Illuminate\\Database\\MySqlConnection), Object(Illuminate\\Database\\Schema\\Grammars\\MySqlGrammar))
#6 /Users/thethai/Documents/html/biz/shop/s-cart/vendor/laravel/framework/src/Illuminate/Database/Schema/Builder.php(206): Illuminate\\Database\\Schema\\Builder->build(Object(Illuminate\\Database\\Schema\\Blueprint))
#7 /Users/thethai/Documents/html/biz/shop/s-cart/vendor/laravel/framework/src/Illuminate/Support/Facades/Facade.php(261): Illuminate\\Database\\Schema\\Builder->table('shop_product', Object(Closure))
#8 /Users/thethai/Documents/html/biz/shop/s-cart/database/migrations/2021_05_04_223239_add_quantity_to_shop_product_table.php(19): Illuminate\\Support\\Facades\\Facade::__callStatic('table', Array)
#9 /Users/thethai/Documents/html/biz/shop/s-cart/vendor/laravel/framework/src/Illuminate/Database/Migrations/Migrator.php(393): AddQuantityToShopProductTable->up()
#10 /Users/thethai/Documents/html/biz/shop/s-cart/vendor/laravel/framework/src/Illuminate/Database/Migrations/Migrator.php(402): Illuminate\\Database\\Migrations\\Migrator->Illuminate\\Database\\Migrations\\{closure}()
#11 /Users/thethai/Documents/html/biz/shop/s-cart/vendor/laravel/framework/src/Illuminate/Database/Migrations/Migrator.php(201): Illuminate\\Database\\Migrations\\Migrator->runMigration(Object(AddQuantityToShopProductTable), 'up')
#12 /Users/thethai/Documents/html/biz/shop/s-cart/vendor/laravel/framework/src/Illuminate/Database/Migrations/Migrator.php(166): Illuminate\\Database\\Migrations\\Migrator->runUp('/Users/thethai/...', 3, false)
#13 /Users/thethai/Documents/html/biz/shop/s-cart/vendor/laravel/framework/src/Illuminate/Database/Migrations/Migrator.php(111): Illuminate\\Database\\Migrations\\Migrator->runPending(Array, Array)
#14 /Users/thethai/Documents/html/biz/shop/s-cart/vendor/laravel/framework/src/Illuminate/Database/Console/Migrations/MigrateCommand.php(85): Illuminate\\Database\\Migrations\\Migrator->run(Array, Array)
#15 /Users/thethai/Documents/html/biz/shop/s-cart/vendor/laravel/framework/src/Illuminate/Database/Migrations/Migrator.php(576): Illuminate\\Database\\Console\\Migrations\\MigrateCommand->Illuminate\\Database\\Console\\Migrations\\{closure}()
#16 /Users/thethai/Documents/html/biz/shop/s-cart/vendor/laravel/framework/src/Illuminate/Database/Console/Migrations/MigrateCommand.php(94): Illuminate\\Database\\Migrations\\Migrator->usingConnection(NULL, Object(Closure))
#17 /Users/thethai/Documents/html/biz/shop/s-cart/vendor/laravel/framework/src/Illuminate/Container/BoundMethod.php(36): Illuminate\\Database\\Console\\Migrations\\MigrateCommand->handle()
#18 /Users/thethai/Documents/html/biz/shop/s-cart/vendor/laravel/framework/src/Illuminate/Container/Util.php(40): Illuminate\\Container\\BoundMethod::Illuminate\\Container\\{closure}()
#19 /Users/thethai/Documents/html/biz/shop/s-cart/vendor/laravel/framework/src/Illuminate/Container/BoundMethod.php(93): Illuminate\\Container\\Util::unwrapIfClosure(Object(Closure))
#20 /Users/thethai/Documents/html/biz/shop/s-cart/vendor/laravel/framework/src/Illuminate/Container/BoundMethod.php(37): Illuminate\\Container\\BoundMethod::callBoundMethod(Object(Illuminate\\Foundation\\Application), Array, Object(Closure))
#21 /Users/thethai/Documents/html/biz/shop/s-cart/vendor/laravel/framework/src/Illuminate/Container/Container.php(611): Illuminate\\Container\\BoundMethod::call(Object(Illuminate\\Foundation\\Application), Array, Array, NULL)
#22 /Users/thethai/Documents/html/biz/shop/s-cart/vendor/laravel/framework/src/Illuminate/Console/Command.php(136): Illuminate\\Container\\Container->call(Array)
#23 /Users/thethai/Documents/html/biz/shop/s-cart/vendor/symfony/console/Command/Command.php(256): Illuminate\\Console\\Command->execute(Object(Symfony\\Component\\Console\\Input\\ArgvInput), Object(Illuminate\\Console\\OutputStyle))
#24 /Users/thethai/Documents/html/biz/shop/s-cart/vendor/laravel/framework/src/Illuminate/Console/Command.php(121): Symfony\\Component\\Console\\Command\\Command->run(Object(Symfony\\Component\\Console\\Input\\ArgvInput), Object(Illuminate\\Console\\OutputStyle))
#25 /Users/thethai/Documents/html/biz/shop/s-cart/vendor/symfony/console/Application.php(971): Illuminate\\Console\\Command->run(Object(Symfony\\Component\\Console\\Input\\ArgvInput), Object(Symfony\\Component\\Console\\Output\\ConsoleOutput))
#26 /Users/thethai/Documents/html/biz/shop/s-cart/vendor/symfony/console/Application.php(290): Symfony\\Component\\Console\\Application->doRunCommand(Object(Illuminate\\Database\\Console\\Migrations\\MigrateCommand), Object(Symfony\\Component\\Console\\Input\\ArgvInput), Object(Symfony\\Component\\Console\\Output\\ConsoleOutput))
#27 /Users/thethai/Documents/html/biz/shop/s-cart/vendor/symfony/console/Application.php(166): Symfony\\Component\\Console\\Application->doRun(Object(Symfony\\Component\\Console\\Input\\ArgvInput), Object(Symfony\\Component\\Console\\Output\\ConsoleOutput))
#28 /Users/thethai/Documents/html/biz/shop/s-cart/vendor/laravel/framework/src/Illuminate/Console/Application.php(92): Symfony\\Component\\Console\\Application->run(Object(Symfony\\Component\\Console\\Input\\ArgvInput), Object(Symfony\\Component\\Console\\Output\\ConsoleOutput))
#29 /Users/thethai/Documents/html/biz/shop/s-cart/vendor/laravel/framework/src/Illuminate/Foundation/Console/Kernel.php(129): Illuminate\\Console\\Application->run(Object(Symfony\\Component\\Console\\Input\\ArgvInput), Object(Symfony\\Component\\Console\\Output\\ConsoleOutput))
#30 /Users/thethai/Documents/html/biz/shop/s-cart/artisan(37): Illuminate\\Foundation\\Console\\Kernel->handle(Object(Symfony\\Component\\Console\\Input\\ArgvInput), Object(Symfony\\Component\\Console\\Output\\ConsoleOutput))
#31 {main}
"} 
[2021-05-04 22:34:07] local.ERROR: 2021-05-04 22:34:07:
```Uncaught ReflectionException: Class App\Policies\ModelPolicy does not exist in Command line code:1
Stack trace:
#0 Command line code(1): ReflectionClass->__construct('App\\Policies\\Mo...')
#1 [internal function]: {closure}('App\\Policies\\Mo...', 'App\\Model')
#2 Command line code(1): array_map(Object(Closure), Array, Array)
#3 {main}
  thrown```
*File* `Command line code`, *Line:* 1, *Code:* 0
URL= http://127.0.0.1:8000
  
[2021-05-04 22:34:07] local.ERROR: Uncaught ReflectionException: Class App\Policies\ModelPolicy does not exist in Command line code:1
Stack trace:
#0 Command line code(1): ReflectionClass->__construct('App\\Policies\\Mo...')
#1 [internal function]: {closure}('App\\Policies\\Mo...', 'App\\Model')
#2 Command line code(1): array_map(Object(Closure), Array, Array)
#3 {main}
  thrown {"exception":"[object] (Symfony\\Component\\ErrorHandler\\Error\\FatalError(code: 0): Uncaught ReflectionException: Class App\\Policies\\ModelPolicy does not exist in Command line code:1
Stack trace:
#0 Command line code(1): ReflectionClass->__construct('App\\\\Policies\\\\Mo...')
#1 [internal function]: {closure}('App\\\\Policies\\\\Mo...', 'App\\\\Model')
#2 Command line code(1): array_map(Object(Closure), Array, Array)
#3 {main}
  thrown at Command line code:1)
[stacktrace]
#0 {main}
"} 
[2021-05-04 22:35:07] local.ERROR: 2021-05-04 22:35:07:
```Uncaught ReflectionException: Class App\Policies\ModelPolicy does not exist in Command line code:1
Stack trace:
#0 Command line code(1): ReflectionClass->__construct('App\\Policies\\Mo...')
#1 [internal function]: {closure}('App\\Policies\\Mo...', 'App\\Model')
#2 Command line code(1): array_map(Object(Closure), Array, Array)
#3 {main}
  thrown```
*File* `Command line code`, *Line:* 1, *Code:* 0
URL= http://127.0.0.1:8000
  
[2021-05-04 22:35:07] local.ERROR: Uncaught ReflectionException: Class App\Policies\ModelPolicy does not exist in Command line code:1
Stack trace:
#0 Command line code(1): ReflectionClass->__construct('App\\Policies\\Mo...')
#1 [internal function]: {closure}('App\\Policies\\Mo...', 'App\\Model')
#2 Command line code(1): array_map(Object(Closure), Array, Array)
#3 {main}
  thrown {"exception":"[object] (Symfony\\Component\\ErrorHandler\\Error\\FatalError(code: 0): Uncaught ReflectionException: Class App\\Policies\\ModelPolicy does not exist in Command line code:1
Stack trace:
#0 Command line code(1): ReflectionClass->__construct('App\\\\Policies\\\\Mo...')
#1 [internal function]: {closure}('App\\\\Policies\\\\Mo...', 'App\\\\Model')
#2 Command line code(1): array_map(Object(Closure), Array, Array)
#3 {main}
  thrown at Command line code:1)
[stacktrace]
#0 {main}
"} 
[2021-05-04 22:36:06] local.ERROR: 2021-05-04 22:36:06:
```Uncaught ReflectionException: Class App\Policies\ModelPolicy does not exist in Command line code:1
Stack trace:
#0 Command line code(1): ReflectionClass->__construct('App\\Policies\\Mo...')
#1 [internal function]: {closure}('App\\Policies\\Mo...', 'App\\Model')
#2 Command line code(1): array_map(Object(Closure), Array, Array)
#3 {main}
  thrown```
*File* `Command line code`, *Line:* 1, *Code:* 0
URL= http://127.0.0.1:8000
  
[2021-05-04 22:36:06] local.ERROR: Uncaught ReflectionException: Class App\Policies\ModelPolicy does not exist in Command line code:1
Stack trace:
#0 Command line code(1): ReflectionClass->__construct('App\\Policies\\Mo...')
#1 [internal function]: {closure}('App\\Policies\\Mo...', 'App\\Model')
#2 Command line code(1): array_map(Object(Closure), Array, Array)
#3 {main}
  thrown {"exception":"[object] (Symfony\\Component\\ErrorHandler\\Error\\FatalError(code: 0): Uncaught ReflectionException: Class App\\Policies\\ModelPolicy does not exist in Command line code:1
Stack trace:
#0 Command line code(1): ReflectionClass->__construct('App\\\\Policies\\\\Mo...')
#1 [internal function]: {closure}('App\\\\Policies\\\\Mo...', 'App\\\\Model')
#2 Command line code(1): array_map(Object(Closure), Array, Array)
#3 {main}
  thrown at Command line code:1)
[stacktrace]
#0 {main}
"} 
[2021-05-04 22:37:07] local.ERROR: 2021-05-04 22:37:07:
```Uncaught ReflectionException: Class App\Policies\ModelPolicy does not exist in Command line code:1
Stack trace:
#0 Command line code(1): ReflectionClass->__construct('App\\Policies\\Mo...')
#1 [internal function]: {closure}('App\\Policies\\Mo...', 'App\\Model')
#2 Command line code(1): array_map(Object(Closure), Array, Array)
#3 {main}
  thrown```
*File* `Command line code`, *Line:* 1, *Code:* 0
URL= http://127.0.0.1:8000
  
[2021-05-04 22:37:07] local.ERROR: Uncaught ReflectionException: Class App\Policies\ModelPolicy does not exist in Command line code:1
Stack trace:
#0 Command line code(1): ReflectionClass->__construct('App\\Policies\\Mo...')
#1 [internal function]: {closure}('App\\Policies\\Mo...', 'App\\Model')
#2 Command line code(1): array_map(Object(Closure), Array, Array)
#3 {main}
  thrown {"exception":"[object] (Symfony\\Component\\ErrorHandler\\Error\\FatalError(code: 0): Uncaught ReflectionException: Class App\\Policies\\ModelPolicy does not exist in Command line code:1
Stack trace:
#0 Command line code(1): ReflectionClass->__construct('App\\\\Policies\\\\Mo...')
#1 [internal function]: {closure}('App\\\\Policies\\\\Mo...', 'App\\\\Model')
#2 Command line code(1): array_map(Object(Closure), Array, Array)
#3 {main}
  thrown at Command line code:1)
[stacktrace]
#0 {main}
"} 
[2021-05-04 22:38:07] local.ERROR: 2021-05-04 22:38:07:
```Uncaught ReflectionException: Class App\Policies\ModelPolicy does not exist in Command line code:1
Stack trace:
#0 Command line code(1): ReflectionClass->__construct('App\\Policies\\Mo...')
#1 [internal function]: {closure}('App\\Policies\\Mo...', 'App\\Model')
#2 Command line code(1): array_map(Object(Closure), Array, Array)
#3 {main}
  thrown```
*File* `Command line code`, *Line:* 1, *Code:* 0
URL= http://127.0.0.1:8000
  
[2021-05-04 22:38:07] local.ERROR: Uncaught ReflectionException: Class App\Policies\ModelPolicy does not exist in Command line code:1
Stack trace:
#0 Command line code(1): ReflectionClass->__construct('App\\Policies\\Mo...')
#1 [internal function]: {closure}('App\\Policies\\Mo...', 'App\\Model')
#2 Command line code(1): array_map(Object(Closure), Array, Array)
#3 {main}
  thrown {"exception":"[object] (Symfony\\Component\\ErrorHandler\\Error\\FatalError(code: 0): Uncaught ReflectionException: Class App\\Policies\\ModelPolicy does not exist in Command line code:1
Stack trace:
#0 Command line code(1): ReflectionClass->__construct('App\\\\Policies\\\\Mo...')
#1 [internal function]: {closure}('App\\\\Policies\\\\Mo...', 'App\\\\Model')
#2 Command line code(1): array_map(Object(Closure), Array, Array)
#3 {main}
  thrown at Command line code:1)
[stacktrace]
#0 {main}
"} 
[2021-05-04 22:39:07] local.ERROR: 2021-05-04 22:39:07:
```Uncaught ReflectionException: Class App\Policies\ModelPolicy does not exist in Command line code:1
Stack trace:
#0 Command line code(1): ReflectionClass->__construct('App\\Policies\\Mo...')
#1 [internal function]: {closure}('App\\Policies\\Mo...', 'App\\Model')
#2 Command line code(1): array_map(Object(Closure), Array, Array)
#3 {main}
  thrown```
*File* `Command line code`, *Line:* 1, *Code:* 0
URL= http://127.0.0.1:8000
  
[2021-05-04 22:39:07] local.ERROR: Uncaught ReflectionException: Class App\Policies\ModelPolicy does not exist in Command line code:1
Stack trace:
#0 Command line code(1): ReflectionClass->__construct('App\\Policies\\Mo...')
#1 [internal function]: {closure}('App\\Policies\\Mo...', 'App\\Model')
#2 Command line code(1): array_map(Object(Closure), Array, Array)
#3 {main}
  thrown {"exception":"[object] (Symfony\\Component\\ErrorHandler\\Error\\FatalError(code: 0): Uncaught ReflectionException: Class App\\Policies\\ModelPolicy does not exist in Command line code:1
Stack trace:
#0 Command line code(1): ReflectionClass->__construct('App\\\\Policies\\\\Mo...')
#1 [internal function]: {closure}('App\\\\Policies\\\\Mo...', 'App\\\\Model')
#2 Command line code(1): array_map(Object(Closure), Array, Array)
#3 {main}
  thrown at Command line code:1)
[stacktrace]
#0 {main}
"} 
[2021-05-04 22:40:07] local.ERROR: 2021-05-04 22:40:07:
```Uncaught ReflectionException: Class App\Policies\ModelPolicy does not exist in Command line code:1
Stack trace:
#0 Command line code(1): ReflectionClass->__construct('App\\Policies\\Mo...')
#1 [internal function]: {closure}('App\\Policies\\Mo...', 'App\\Model')
#2 Command line code(1): array_map(Object(Closure), Array, Array)
#3 {main}
  thrown```
*File* `Command line code`, *Line:* 1, *Code:* 0
URL= http://127.0.0.1:8000
  
[2021-05-04 22:40:07] local.ERROR: Uncaught ReflectionException: Class App\Policies\ModelPolicy does not exist in Command line code:1
Stack trace:
#0 Command line code(1): ReflectionClass->__construct('App\\Policies\\Mo...')
#1 [internal function]: {closure}('App\\Policies\\Mo...', 'App\\Model')
#2 Command line code(1): array_map(Object(Closure), Array, Array)
#3 {main}
  thrown {"exception":"[object] (Symfony\\Component\\ErrorHandler\\Error\\FatalError(code: 0): Uncaught ReflectionException: Class App\\Policies\\ModelPolicy does not exist in Command line code:1
Stack trace:
#0 Command line code(1): ReflectionClass->__construct('App\\\\Policies\\\\Mo...')
#1 [internal function]: {closure}('App\\\\Policies\\\\Mo...', 'App\\\\Model')
#2 Command line code(1): array_map(Object(Closure), Array, Array)
#3 {main}
  thrown at Command line code:1)
[stacktrace]
#0 {main}
"} 
[2021-05-04 22:41:07] local.ERROR: 2021-05-04 22:41:07:
```Uncaught ReflectionException: Class App\Policies\ModelPolicy does not exist in Command line code:1
Stack trace:
#0 Command line code(1): ReflectionClass->__construct('App\\Policies\\Mo...')
#1 [internal function]: {closure}('App\\Policies\\Mo...', 'App\\Model')
#2 Command line code(1): array_map(Object(Closure), Array, Array)
#3 {main}
  thrown```
*File* `Command line code`, *Line:* 1, *Code:* 0
URL= http://127.0.0.1:8000
  
[2021-05-04 22:41:07] local.ERROR: Uncaught ReflectionException: Class App\Policies\ModelPolicy does not exist in Command line code:1
Stack trace:
#0 Command line code(1): ReflectionClass->__construct('App\\Policies\\Mo...')
#1 [internal function]: {closure}('App\\Policies\\Mo...', 'App\\Model')
#2 Command line code(1): array_map(Object(Closure), Array, Array)
#3 {main}
  thrown {"exception":"[object] (Symfony\\Component\\ErrorHandler\\Error\\FatalError(code: 0): Uncaught ReflectionException: Class App\\Policies\\ModelPolicy does not exist in Command line code:1
Stack trace:
#0 Command line code(1): ReflectionClass->__construct('App\\\\Policies\\\\Mo...')
#1 [internal function]: {closure}('App\\\\Policies\\\\Mo...', 'App\\\\Model')
#2 Command line code(1): array_map(Object(Closure), Array, Array)
#3 {main}
  thrown at Command line code:1)
[stacktrace]
#0 {main}
"} 
[2021-05-04 22:42:07] local.ERROR: 2021-05-04 22:42:07:
```Uncaught ReflectionException: Class App\Policies\ModelPolicy does not exist in Command line code:1
Stack trace:
#0 Command line code(1): ReflectionClass->__construct('App\\Policies\\Mo...')
#1 [internal function]: {closure}('App\\Policies\\Mo...', 'App\\Model')
#2 Command line code(1): array_map(Object(Closure), Array, Array)
#3 {main}
  thrown```
*File* `Command line code`, *Line:* 1, *Code:* 0
URL= http://127.0.0.1:8000
  
[2021-05-04 22:42:07] local.ERROR: Uncaught ReflectionException: Class App\Policies\ModelPolicy does not exist in Command line code:1
Stack trace:
#0 Command line code(1): ReflectionClass->__construct('App\\Policies\\Mo...')
#1 [internal function]: {closure}('App\\Policies\\Mo...', 'App\\Model')
#2 Command line code(1): array_map(Object(Closure), Array, Array)
#3 {main}
  thrown {"exception":"[object] (Symfony\\Component\\ErrorHandler\\Error\\FatalError(code: 0): Uncaught ReflectionException: Class App\\Policies\\ModelPolicy does not exist in Command line code:1
Stack trace:
#0 Command line code(1): ReflectionClass->__construct('App\\\\Policies\\\\Mo...')
#1 [internal function]: {closure}('App\\\\Policies\\\\Mo...', 'App\\\\Model')
#2 Command line code(1): array_map(Object(Closure), Array, Array)
#3 {main}
  thrown at Command line code:1)
[stacktrace]
#0 {main}
"} 
[2021-05-04 22:43:07] local.ERROR: 2021-05-04 22:43:07:
```Uncaught ReflectionException: Class App\Policies\ModelPolicy does not exist in Command line code:1
Stack trace:
#0 Command line code(1): ReflectionClass->__construct('App\\Policies\\Mo...')
#1 [internal function]: {closure}('App\\Policies\\Mo...', 'App\\Model')
#2 Command line code(1): array_map(Object(Closure), Array, Array)
#3 {main}
  thrown```
*File* `Command line code`, *Line:* 1, *Code:* 0
URL= http://127.0.0.1:8000
  
[2021-05-04 22:43:07] local.ERROR: Uncaught ReflectionException: Class App\Policies\ModelPolicy does not exist in Command line code:1
Stack trace:
#0 Command line code(1): ReflectionClass->__construct('App\\Policies\\Mo...')
#1 [internal function]: {closure}('App\\Policies\\Mo...', 'App\\Model')
#2 Command line code(1): array_map(Object(Closure), Array, Array)
#3 {main}
  thrown {"exception":"[object] (Symfony\\Component\\ErrorHandler\\Error\\FatalError(code: 0): Uncaught ReflectionException: Class App\\Policies\\ModelPolicy does not exist in Command line code:1
Stack trace:
#0 Command line code(1): ReflectionClass->__construct('App\\\\Policies\\\\Mo...')
#1 [internal function]: {closure}('App\\\\Policies\\\\Mo...', 'App\\\\Model')
#2 Command line code(1): array_map(Object(Closure), Array, Array)
#3 {main}
  thrown at Command line code:1)
[stacktrace]
#0 {main}
"} 
[2021-05-04 22:44:07] local.ERROR: 2021-05-04 22:44:07:
```Uncaught ReflectionException: Class App\Policies\ModelPolicy does not exist in Command line code:1
Stack trace:
#0 Command line code(1): ReflectionClass->__construct('App\\Policies\\Mo...')
#1 [internal function]: {closure}('App\\Policies\\Mo...', 'App\\Model')
#2 Command line code(1): array_map(Object(Closure), Array, Array)
#3 {main}
  thrown```
*File* `Command line code`, *Line:* 1, *Code:* 0
URL= http://127.0.0.1:8000
  
[2021-05-04 22:44:07] local.ERROR: Uncaught ReflectionException: Class App\Policies\ModelPolicy does not exist in Command line code:1
Stack trace:
#0 Command line code(1): ReflectionClass->__construct('App\\Policies\\Mo...')
#1 [internal function]: {closure}('App\\Policies\\Mo...', 'App\\Model')
#2 Command line code(1): array_map(Object(Closure), Array, Array)
#3 {main}
  thrown {"exception":"[object] (Symfony\\Component\\ErrorHandler\\Error\\FatalError(code: 0): Uncaught ReflectionException: Class App\\Policies\\ModelPolicy does not exist in Command line code:1
Stack trace:
#0 Command line code(1): ReflectionClass->__construct('App\\\\Policies\\\\Mo...')
#1 [internal function]: {closure}('App\\\\Policies\\\\Mo...', 'App\\\\Model')
#2 Command line code(1): array_map(Object(Closure), Array, Array)
#3 {main}
  thrown at Command line code:1)
[stacktrace]
#0 {main}
"} 
[2021-05-04 22:45:07] local.ERROR: 2021-05-04 22:45:07:
```Uncaught ReflectionException: Class App\Policies\ModelPolicy does not exist in Command line code:1
Stack trace:
#0 Command line code(1): ReflectionClass->__construct('App\\Policies\\Mo...')
#1 [internal function]: {closure}('App\\Policies\\Mo...', 'App\\Model')
#2 Command line code(1): array_map(Object(Closure), Array, Array)
#3 {main}
  thrown```
*File* `Command line code`, *Line:* 1, *Code:* 0
URL= http://127.0.0.1:8000
  
[2021-05-04 22:45:07] local.ERROR: Uncaught ReflectionException: Class App\Policies\ModelPolicy does not exist in Command line code:1
Stack trace:
#0 Command line code(1): ReflectionClass->__construct('App\\Policies\\Mo...')
#1 [internal function]: {closure}('App\\Policies\\Mo...', 'App\\Model')
#2 Command line code(1): array_map(Object(Closure), Array, Array)
#3 {main}
  thrown {"exception":"[object] (Symfony\\Component\\ErrorHandler\\Error\\FatalError(code: 0): Uncaught ReflectionException: Class App\\Policies\\ModelPolicy does not exist in Command line code:1
Stack trace:
#0 Command line code(1): ReflectionClass->__construct('App\\\\Policies\\\\Mo...')
#1 [internal function]: {closure}('App\\\\Policies\\\\Mo...', 'App\\\\Model')
#2 Command line code(1): array_map(Object(Closure), Array, Array)
#3 {main}
  thrown at Command line code:1)
[stacktrace]
#0 {main}
"} 
